[16:08:07] [Server thread/INFO]: Starting minecraft server version 1.8.8
[16:08:07] [Server thread/INFO]: Loading properties
[16:08:07] [Server thread/INFO]: Default game type: SURVIVAL
[16:08:07] [Server thread/INFO]: This server is running PandaSpigot version git-PandaSpigot-114 (MC: 1.8.8) (Implementing API version 1.8.8-R0.1-SNAPSHOT) (Git: 1fdab7c)
[16:08:08] [Server thread/INFO]: Debug logging is disabled
[16:08:08] [Server thread/INFO]: Server Ping Player Sample Count: 12

[16:08:08] [Server thread/INFO]: Spigot Timings: true - Verbose: true - Interval: 5m - Length: 60m
[16:08:08] [Server thread/INFO]: Using 4 threads for Netty based IO
[16:08:08] [Server thread/INFO]: Data value allowed items: 
[16:08:08] [Server thread/INFO]: Generating keypair
[16:08:08] [Server thread/INFO]: Starting Minecraft server on *:25565
[16:08:08] [Server thread/INFO]: Using epoll channel type
[16:08:08] [Server thread/INFO]: **** Beginning UUID conversion, this may take A LONG time ****
[16:08:09] [Server thread/INFO]: Preparing level "world"
[16:08:09] [Server thread/INFO]: -------- World Settings For [world] --------
[16:08:09] [Server thread/INFO]: Chunks to Grow per Tick: 650
[16:08:09] [Server thread/INFO]: Clear tick list: false
[16:08:09] [Server thread/INFO]: Experience Merge Radius: 3.0
[16:08:09] [Server thread/INFO]: Mob Spawn Range: 4
[16:08:09] [Server thread/INFO]: Anti X-Ray: true
[16:08:09] [Server thread/INFO]: 	Engine Mode: 1
[16:08:09] [Server thread/INFO]: 	Hidden Blocks: [14, 15, 16, 21, 48, 49, 54, 56, 73, 74, 82, 129, 130]
[16:08:09] [Server thread/INFO]: 	Replace Blocks: [1, 5]
[16:08:09] [Server thread/INFO]: Nerfing mobs spawned from spawners: false
[16:08:09] [Server thread/INFO]: Cactus Growth Modifier: 100%
[16:08:09] [Server thread/INFO]: Cane Growth Modifier: 100%
[16:08:09] [Server thread/INFO]: Melon Growth Modifier: 100%
[16:08:09] [Server thread/INFO]: Mushroom Growth Modifier: 100%
[16:08:09] [Server thread/INFO]: Pumpkin Growth Modifier: 100%
[16:08:09] [Server thread/INFO]: Sapling Growth Modifier: 100%
[16:08:09] [Server thread/INFO]: Wheat Growth Modifier: 100%
[16:08:09] [Server thread/INFO]: NetherWart Growth Modifier: 100%
[16:08:09] [Server thread/INFO]: Entity Activation Range: An 32 / Mo 32 / Mi 16
[16:08:09] [Server thread/INFO]: Entity Tracking Range: Pl 48 / An 48 / Mo 48 / Mi 32 / Other 64
[16:08:09] [Server thread/INFO]: Hopper Transfer: 8 Hopper Check: 8 Hopper Amount: 1
[16:08:09] [Server thread/INFO]: Random Lighting Updates: false
[16:08:09] [Server thread/INFO]: Structure Info Saving: true
[16:08:09] [Server thread/INFO]: Sending up to 10 chunks per packet
[16:08:09] [Server thread/INFO]: Max Entity Collisions: 8
[16:08:09] [Server thread/INFO]: Custom Map Seeds:  Village: 10387312 Feature: 14357617
[16:08:09] [Server thread/INFO]: Max TNT Explosions: 100
[16:08:09] [Server thread/INFO]: Tile Max Tick Time: 50ms Entity max Tick Time: 50ms
[16:08:09] [Server thread/INFO]: Item Despawn Rate: 6000
[16:08:09] [Server thread/INFO]: Item Merge Radius: 2.5
[16:08:09] [Server thread/INFO]: Arrow Despawn Rate: 1200
[16:08:09] [Server thread/INFO]: Allow Zombie Pigmen to spawn from portal blocks: true
[16:08:09] [Server thread/INFO]: View Distance: 10
[16:08:09] [Server thread/INFO]: Zombie Aggressive Towards Villager: true
[16:08:09] [Server thread/INFO]: -------- World Settings For [world] --------
[16:08:09] [Server thread/INFO]: Keep spawn chunk loaded: true
[16:08:09] [Server thread/INFO]: WorldServer TickNextTick cap set at 10000
[16:08:09] [Server thread/INFO]: WorldServer TickNextTickList cap always processes redstone: false
[16:08:09] [Server thread/INFO]: World async lighting: false
[16:08:09] [Server thread/INFO]: Player blocking damage multiplier set to 0.5
[16:08:09] [Server thread/INFO]: Remove invalid mob spawner tile entities: true
[16:08:09] [Server thread/INFO]: Squids will spawn between Y: 45.0 and Y: 63.0
[16:08:09] [Server thread/INFO]: Max height for cactus growth 3. Max height for reed growth 3
[16:08:09] [Server thread/INFO]: Living Entity Despawn Ranges:  Soft: 32 Hard: 128
[16:08:09] [Server thread/INFO]: Water over lava flow speed: 5
[16:08:09] [Server thread/INFO]: Fix TNT cannons: false
[16:08:09] [Server thread/INFO]: Allow undead horse types to be leashed: false
[16:08:09] [Server thread/INFO]: -------- World Settings For [world_nether] --------
[16:08:09] [Server thread/INFO]: Chunks to Grow per Tick: 650
[16:08:09] [Server thread/INFO]: Clear tick list: false
[16:08:09] [Server thread/INFO]: Experience Merge Radius: 3.0
[16:08:09] [Server thread/INFO]: Mob Spawn Range: 4
[16:08:09] [Server thread/INFO]: Anti X-Ray: true
[16:08:09] [Server thread/INFO]: 	Engine Mode: 1
[16:08:09] [Server thread/INFO]: 	Hidden Blocks: [14, 15, 16, 21, 48, 49, 54, 56, 73, 74, 82, 129, 130]
[16:08:09] [Server thread/INFO]: 	Replace Blocks: [1, 5]
[16:08:09] [Server thread/INFO]: Nerfing mobs spawned from spawners: false
[16:08:09] [Server thread/INFO]: Cactus Growth Modifier: 100%
[16:08:09] [Server thread/INFO]: Cane Growth Modifier: 100%
[16:08:09] [Server thread/INFO]: Melon Growth Modifier: 100%
[16:08:09] [Server thread/INFO]: Mushroom Growth Modifier: 100%
[16:08:09] [Server thread/INFO]: Pumpkin Growth Modifier: 100%
[16:08:09] [Server thread/INFO]: Sapling Growth Modifier: 100%
[16:08:09] [Server thread/INFO]: Wheat Growth Modifier: 100%
[16:08:09] [Server thread/INFO]: NetherWart Growth Modifier: 100%
[16:08:09] [Server thread/INFO]: Entity Activation Range: An 32 / Mo 32 / Mi 16
[16:08:09] [Server thread/INFO]: Entity Tracking Range: Pl 48 / An 48 / Mo 48 / Mi 32 / Other 64
[16:08:09] [Server thread/INFO]: Hopper Transfer: 8 Hopper Check: 8 Hopper Amount: 1
[16:08:09] [Server thread/INFO]: Random Lighting Updates: false
[16:08:09] [Server thread/INFO]: Structure Info Saving: true
[16:08:09] [Server thread/INFO]: Sending up to 10 chunks per packet
[16:08:09] [Server thread/INFO]: Max Entity Collisions: 8
[16:08:09] [Server thread/INFO]: Custom Map Seeds:  Village: 10387312 Feature: 14357617
[16:08:09] [Server thread/INFO]: Max TNT Explosions: 100
[16:08:09] [Server thread/INFO]: Tile Max Tick Time: 50ms Entity max Tick Time: 50ms
[16:08:09] [Server thread/INFO]: Item Despawn Rate: 6000
[16:08:09] [Server thread/INFO]: Item Merge Radius: 2.5
[16:08:09] [Server thread/INFO]: Arrow Despawn Rate: 1200
[16:08:09] [Server thread/INFO]: Allow Zombie Pigmen to spawn from portal blocks: true
[16:08:09] [Server thread/INFO]: View Distance: 10
[16:08:09] [Server thread/INFO]: Zombie Aggressive Towards Villager: true
[16:08:09] [Server thread/INFO]: -------- World Settings For [world_nether] --------
[16:08:09] [Server thread/INFO]: Keep spawn chunk loaded: true
[16:08:09] [Server thread/INFO]: WorldServer TickNextTick cap set at 10000
[16:08:09] [Server thread/INFO]: WorldServer TickNextTickList cap always processes redstone: false
[16:08:09] [Server thread/INFO]: World async lighting: false
[16:08:09] [Server thread/INFO]: Player blocking damage multiplier set to 0.5
[16:08:09] [Server thread/INFO]: Remove invalid mob spawner tile entities: true
[16:08:09] [Server thread/INFO]: Squids will spawn between Y: 45.0 and Y: 63.0
[16:08:09] [Server thread/INFO]: Max height for cactus growth 3. Max height for reed growth 3
[16:08:09] [Server thread/INFO]: Living Entity Despawn Ranges:  Soft: 32 Hard: 128
[16:08:09] [Server thread/INFO]: Water over lava flow speed: 5
[16:08:09] [Server thread/INFO]: Fix TNT cannons: false
[16:08:09] [Server thread/INFO]: Allow undead horse types to be leashed: false
[16:08:09] [Server thread/INFO]: -------- World Settings For [world_the_end] --------
[16:08:09] [Server thread/INFO]: Chunks to Grow per Tick: 650
[16:08:09] [Server thread/INFO]: Clear tick list: false
[16:08:09] [Server thread/INFO]: Experience Merge Radius: 3.0
[16:08:09] [Server thread/INFO]: Mob Spawn Range: 4
[16:08:09] [Server thread/INFO]: Anti X-Ray: true
[16:08:09] [Server thread/INFO]: 	Engine Mode: 1
[16:08:09] [Server thread/INFO]: 	Hidden Blocks: [14, 15, 16, 21, 48, 49, 54, 56, 73, 74, 82, 129, 130]
[16:08:09] [Server thread/INFO]: 	Replace Blocks: [1, 5]
[16:08:09] [Server thread/INFO]: Nerfing mobs spawned from spawners: false
[16:08:09] [Server thread/INFO]: Cactus Growth Modifier: 100%
[16:08:09] [Server thread/INFO]: Cane Growth Modifier: 100%
[16:08:09] [Server thread/INFO]: Melon Growth Modifier: 100%
[16:08:09] [Server thread/INFO]: Mushroom Growth Modifier: 100%
[16:08:09] [Server thread/INFO]: Pumpkin Growth Modifier: 100%
[16:08:09] [Server thread/INFO]: Sapling Growth Modifier: 100%
[16:08:09] [Server thread/INFO]: Wheat Growth Modifier: 100%
[16:08:09] [Server thread/INFO]: NetherWart Growth Modifier: 100%
[16:08:09] [Server thread/INFO]: Entity Activation Range: An 32 / Mo 32 / Mi 16
[16:08:09] [Server thread/INFO]: Entity Tracking Range: Pl 48 / An 48 / Mo 48 / Mi 32 / Other 64
[16:08:09] [Server thread/INFO]: Hopper Transfer: 8 Hopper Check: 8 Hopper Amount: 1
[16:08:09] [Server thread/INFO]: Random Lighting Updates: false
[16:08:09] [Server thread/INFO]: Structure Info Saving: true
[16:08:09] [Server thread/INFO]: Sending up to 10 chunks per packet
[16:08:09] [Server thread/INFO]: Max Entity Collisions: 8
[16:08:09] [Server thread/INFO]: Custom Map Seeds:  Village: 10387312 Feature: 14357617
[16:08:09] [Server thread/INFO]: Max TNT Explosions: 100
[16:08:09] [Server thread/INFO]: Tile Max Tick Time: 50ms Entity max Tick Time: 50ms
[16:08:09] [Server thread/INFO]: Item Despawn Rate: 6000
[16:08:09] [Server thread/INFO]: Item Merge Radius: 2.5
[16:08:09] [Server thread/INFO]: Arrow Despawn Rate: 1200
[16:08:09] [Server thread/INFO]: Allow Zombie Pigmen to spawn from portal blocks: true
[16:08:09] [Server thread/INFO]: View Distance: 10
[16:08:09] [Server thread/INFO]: Zombie Aggressive Towards Villager: true
[16:08:09] [Server thread/INFO]: -------- World Settings For [world_the_end] --------
[16:08:09] [Server thread/INFO]: Keep spawn chunk loaded: true
[16:08:09] [Server thread/INFO]: WorldServer TickNextTick cap set at 10000
[16:08:09] [Server thread/INFO]: WorldServer TickNextTickList cap always processes redstone: false
[16:08:09] [Server thread/INFO]: World async lighting: false
[16:08:09] [Server thread/INFO]: Player blocking damage multiplier set to 0.5
[16:08:09] [Server thread/INFO]: Remove invalid mob spawner tile entities: true
[16:08:09] [Server thread/INFO]: Squids will spawn between Y: 45.0 and Y: 63.0
[16:08:09] [Server thread/INFO]: Max height for cactus growth 3. Max height for reed growth 3
[16:08:09] [Server thread/INFO]: Living Entity Despawn Ranges:  Soft: 32 Hard: 128
[16:08:09] [Server thread/INFO]: Water over lava flow speed: 5
[16:08:09] [Server thread/INFO]: Fix TNT cannons: false
[16:08:09] [Server thread/INFO]: Allow undead horse types to be leashed: false
[16:08:09] [Server thread/INFO]: Preparing start region for level 0 (Seed: 3066726448974249139)
[16:08:10] [Server thread/INFO]: Preparing spawn area: 6%
[16:08:11] [Server thread/INFO]: Preparing spawn area: 15%
[16:08:12] [Server thread/INFO]: Preparing spawn area: 29%
[16:08:13] [Server thread/INFO]: Preparing spawn area: 36%
[16:08:14] [Server thread/INFO]: Preparing spawn area: 45%
[16:08:15] [Server thread/INFO]: Preparing spawn area: 59%
[16:08:16] [Server thread/INFO]: Preparing spawn area: 78%
[16:08:17] [Server thread/INFO]: Preparing spawn area: 96%
[16:08:18] [Server thread/INFO]: Preparing start region for level 1 (Seed: 3066726448974249139)
[16:08:19] [Server thread/INFO]: Preparing spawn area: 14%
[16:08:20] [Server thread/INFO]: Preparing spawn area: 28%
[16:08:21] [Server thread/INFO]: Preparing spawn area: 43%
[16:08:22] [Server thread/INFO]: Preparing spawn area: 55%
[16:08:23] [Server thread/INFO]: Preparing spawn area: 70%
[16:08:24] [Server thread/INFO]: Preparing spawn area: 89%
[16:08:25] [Server thread/INFO]: Preparing spawn area: 99%
[16:08:25] [Server thread/INFO]: Preparing start region for level 2 (Seed: 3066726448974249139)
[16:08:26] [Server thread/INFO]: Preparing spawn area: 31%
[16:08:27] [Server thread/INFO]: Server permissions file permissions.yml is empty, ignoring it
[16:08:27] [Server thread/INFO]: Done (18.070s)! For help, type "help" or "?"
[16:08:27] [Server thread/INFO]: Timings Reset
